[2025-01-27 02:49:45Z INFO HostContext] No proxy settings were found based on environmental variables (http_proxy/https_proxy/HTTP_PROXY/HTTPS_PROXY)
[2025-01-27 02:49:45Z INFO HostContext] Well known directory 'Bin': '/home/nm-devnull/assignment-1-nm-devnull/actions-runner/bin'
[2025-01-27 02:49:45Z INFO HostContext] Well known directory 'Root': '/home/nm-devnull/assignment-1-nm-devnull/actions-runner'
[2025-01-27 02:49:45Z INFO HostContext] Well known config file 'Credentials': '/home/nm-devnull/assignment-1-nm-devnull/actions-runner/.credentials'
[2025-01-27 02:49:45Z INFO HostContext] Well known directory 'Bin': '/home/nm-devnull/assignment-1-nm-devnull/actions-runner/bin'
[2025-01-27 02:49:45Z INFO HostContext] Well known directory 'Root': '/home/nm-devnull/assignment-1-nm-devnull/actions-runner'
[2025-01-27 02:49:45Z INFO HostContext] Well known config file 'Runner': '/home/nm-devnull/assignment-1-nm-devnull/actions-runner/.runner'
[2025-01-27 02:49:45Z INFO Listener] Runner is built for Linux (X64) - linux-x64.
[2025-01-27 02:49:45Z INFO Listener] RuntimeInformation: Ubuntu 22.04.5 LTS.
[2025-01-27 02:49:45Z INFO Listener] Version: 2.321.0
[2025-01-27 02:49:45Z INFO Listener] Commit: e249007931b7c8e857797fa259c167f0bd4f997a
[2025-01-27 02:49:45Z INFO Listener] Culture: en-US
[2025-01-27 02:49:45Z INFO Listener] UI Culture: en-US
[2025-01-27 02:49:45Z INFO HostContext] Well known directory 'Bin': '/home/nm-devnull/assignment-1-nm-devnull/actions-runner/bin'
[2025-01-27 02:49:45Z INFO HostContext] Well known directory 'Root': '/home/nm-devnull/assignment-1-nm-devnull/actions-runner'
[2025-01-27 02:49:45Z INFO Listener] Validating directory permissions for: '/home/nm-devnull/assignment-1-nm-devnull/actions-runner'
[2025-01-27 02:49:45Z INFO CommandLineParser] Parse
[2025-01-27 02:49:45Z INFO CommandLineParser] Parsing 1 args
[2025-01-27 02:49:45Z INFO CommandLineParser] parsing argument
[2025-01-27 02:49:45Z INFO CommandLineParser] HasArgs: False
[2025-01-27 02:49:45Z INFO CommandLineParser] Adding Command: run
[2025-01-27 02:49:45Z INFO Listener] Arguments parsed
[2025-01-27 02:49:45Z INFO Runner] ExecuteCommand
[2025-01-27 02:49:45Z INFO ConfigurationStore] currentAssemblyLocation: /home/nm-devnull/assignment-1-nm-devnull/actions-runner/bin/Runner.Listener.dll
[2025-01-27 02:49:45Z INFO HostContext] Well known directory 'Bin': '/home/nm-devnull/assignment-1-nm-devnull/actions-runner/bin'
[2025-01-27 02:49:45Z INFO ConfigurationStore] binPath: /home/nm-devnull/assignment-1-nm-devnull/actions-runner/bin
[2025-01-27 02:49:45Z INFO HostContext] Well known directory 'Bin': '/home/nm-devnull/assignment-1-nm-devnull/actions-runner/bin'
[2025-01-27 02:49:45Z INFO HostContext] Well known directory 'Root': '/home/nm-devnull/assignment-1-nm-devnull/actions-runner'
[2025-01-27 02:49:45Z INFO ConfigurationStore] RootFolder: /home/nm-devnull/assignment-1-nm-devnull/actions-runner
[2025-01-27 02:49:45Z INFO HostContext] Well known directory 'Bin': '/home/nm-devnull/assignment-1-nm-devnull/actions-runner/bin'
[2025-01-27 02:49:45Z INFO HostContext] Well known directory 'Root': '/home/nm-devnull/assignment-1-nm-devnull/actions-runner'
[2025-01-27 02:49:45Z INFO HostContext] Well known config file 'Runner': '/home/nm-devnull/assignment-1-nm-devnull/actions-runner/.runner'
[2025-01-27 02:49:45Z INFO ConfigurationStore] ConfigFilePath: /home/nm-devnull/assignment-1-nm-devnull/actions-runner/.runner
[2025-01-27 02:49:45Z INFO HostContext] Well known directory 'Bin': '/home/nm-devnull/assignment-1-nm-devnull/actions-runner/bin'
[2025-01-27 02:49:45Z INFO HostContext] Well known directory 'Root': '/home/nm-devnull/assignment-1-nm-devnull/actions-runner'
[2025-01-27 02:49:45Z INFO HostContext] Well known config file 'Credentials': '/home/nm-devnull/assignment-1-nm-devnull/actions-runner/.credentials'
[2025-01-27 02:49:45Z INFO ConfigurationStore] CredFilePath: /home/nm-devnull/assignment-1-nm-devnull/actions-runner/.credentials
[2025-01-27 02:49:45Z INFO HostContext] Well known directory 'Bin': '/home/nm-devnull/assignment-1-nm-devnull/actions-runner/bin'
[2025-01-27 02:49:45Z INFO HostContext] Well known directory 'Root': '/home/nm-devnull/assignment-1-nm-devnull/actions-runner'
[2025-01-27 02:49:45Z INFO HostContext] Well known config file 'MigratedCredentials': '/home/nm-devnull/assignment-1-nm-devnull/actions-runner/.credentials_migrated'
[2025-01-27 02:49:45Z INFO ConfigurationStore] MigratedCredFilePath: /home/nm-devnull/assignment-1-nm-devnull/actions-runner/.credentials_migrated
[2025-01-27 02:49:45Z INFO HostContext] Well known directory 'Bin': '/home/nm-devnull/assignment-1-nm-devnull/actions-runner/bin'
[2025-01-27 02:49:45Z INFO HostContext] Well known directory 'Root': '/home/nm-devnull/assignment-1-nm-devnull/actions-runner'
[2025-01-27 02:49:45Z INFO HostContext] Well known config file 'Service': '/home/nm-devnull/assignment-1-nm-devnull/actions-runner/.service'
[2025-01-27 02:49:45Z INFO ConfigurationStore] ServiceConfigFilePath: /home/nm-devnull/assignment-1-nm-devnull/actions-runner/.service
[2025-01-27 02:49:45Z INFO CommandSettings] Flag 'help': 'False'
[2025-01-27 02:49:45Z INFO CommandSettings] Flag 'version': 'False'
[2025-01-27 02:49:45Z INFO CommandSettings] Flag 'commit': 'False'
[2025-01-27 02:49:45Z INFO CommandSettings] Flag 'check': 'False'
[2025-01-27 02:49:45Z INFO CommandSettings] Command 'configure': 'False'
[2025-01-27 02:49:45Z INFO CommandSettings] Command 'remove': 'False'
[2025-01-27 02:49:45Z INFO CommandSettings] Command 'warmup': 'False'
[2025-01-27 02:49:45Z INFO ConfigurationManager] LoadSettings
[2025-01-27 02:49:45Z INFO ConfigurationStore] IsConfigured()
[2025-01-27 02:49:45Z INFO ConfigurationStore] IsConfigured: True
[2025-01-27 02:49:45Z INFO ConfigurationManager] Is configured: True
[2025-01-27 02:49:45Z INFO ConfigurationStore] Read setting file: 309 chars
[2025-01-27 02:49:45Z INFO ConfigurationManager] Settings Loaded
[2025-01-27 02:49:45Z INFO ConfigurationStore] IsServiceConfigured()
[2025-01-27 02:49:45Z INFO ConfigurationStore] IsServiceConfigured: False
[2025-01-27 02:49:45Z INFO CommandSettings] Command 'run': 'True'
[2025-01-27 02:49:45Z INFO ConfigurationStore] IsConfigured()
[2025-01-27 02:49:45Z INFO ConfigurationStore] IsConfigured: True
[2025-01-27 02:49:45Z INFO ConfigurationManager] Is configured: True
[2025-01-27 02:49:45Z INFO Runner] Could not parse the argument value '' for StartupType. Defaulting to Manual
[2025-01-27 02:49:45Z INFO Runner] Set runner startup type - Manual
[2025-01-27 02:49:45Z INFO CommandSettings] Flag 'once': 'False'
[2025-01-27 02:49:45Z INFO CommandSettings] Flag 'once': 'False'
[2025-01-27 02:49:45Z INFO Runner] RunAsync
[2025-01-27 02:49:45Z INFO ConfigurationManager] LoadSettings
[2025-01-27 02:49:45Z INFO ConfigurationStore] IsConfigured()
[2025-01-27 02:49:45Z INFO ConfigurationStore] IsConfigured: True
[2025-01-27 02:49:45Z INFO ConfigurationManager] Is configured: True
[2025-01-27 02:49:45Z INFO ConfigurationManager] Settings Loaded
[2025-01-27 02:49:45Z INFO MessageListener] {
  "AgentId": 2,
  "AgentName": "Ubuntu",
  "PoolId": 1,
  "PoolName": "Default",
  "ServerUrl": "https://pipelinesghubeus24.actions.githubusercontent.com/diabz7ZJCereBq10k84soFikylOOSU7EApdFOGzUCfhOvPFC6q/",
  "GitHubUrl": "https://github.com/cu-ecen-aeld/assignment-1-nm-devnull",
  "WorkFolder": "_work"
}
[2025-01-27 02:49:45Z INFO MessageListener] Loading Credentials
[2025-01-27 02:49:45Z INFO ConfigurationStore] HasCredentials()
[2025-01-27 02:49:45Z INFO ConfigurationStore] stored True
[2025-01-27 02:49:45Z INFO CredentialManager] GetCredentialProvider
[2025-01-27 02:49:45Z INFO CredentialManager] Creating type OAuth
[2025-01-27 02:49:45Z INFO CredentialManager] Creating credential type: OAuth
[2025-01-27 02:49:45Z INFO HostContext] Well known directory 'Bin': '/home/nm-devnull/assignment-1-nm-devnull/actions-runner/bin'
[2025-01-27 02:49:45Z INFO HostContext] Well known directory 'Root': '/home/nm-devnull/assignment-1-nm-devnull/actions-runner'
[2025-01-27 02:49:45Z INFO HostContext] Well known config file 'RSACredentials': '/home/nm-devnull/assignment-1-nm-devnull/actions-runner/.credentials_rsaparams'
[2025-01-27 02:49:45Z INFO RSAFileKeyManager] Loading RSA key parameters from file /home/nm-devnull/assignment-1-nm-devnull/actions-runner/.credentials_rsaparams
[2025-01-27 02:49:45Z INFO MessageListener] Attempt to create session.
[2025-01-27 02:49:45Z INFO MessageListener] Connecting to the Runner Server...
[2025-01-27 02:49:45Z INFO RunnerServer] EstablishVssConnection
[2025-01-27 02:49:45Z INFO RunnerServer] Establish connection with 100 seconds timeout.
[2025-01-27 02:49:45Z INFO GitHubActionsService] Starting operation Location.GetConnectionData
[2025-01-27 02:49:45Z INFO RunnerServer] EstablishVssConnection
[2025-01-27 02:49:45Z INFO RunnerServer] Establish connection with 60 seconds timeout.
[2025-01-27 02:49:45Z INFO GitHubActionsService] Starting operation Location.GetConnectionData
[2025-01-27 02:49:45Z INFO RunnerServer] EstablishVssConnection
[2025-01-27 02:49:45Z INFO RunnerServer] Establish connection with 60 seconds timeout.
[2025-01-27 02:49:45Z INFO GitHubActionsService] Starting operation Location.GetConnectionData
[2025-01-27 02:49:46Z INFO GitHubActionsService] Finished operation Location.GetConnectionData
[2025-01-27 02:49:46Z INFO GitHubActionsService] Finished operation Location.GetConnectionData
[2025-01-27 02:49:46Z INFO GitHubActionsService] Finished operation Location.GetConnectionData
[2025-01-27 02:49:46Z INFO MessageListener] VssConnection created
[2025-01-27 02:49:46Z INFO Terminal] WRITE LINE: 
[2025-01-27 02:49:46Z INFO Terminal] WRITE LINE: 
[2025-01-27 02:49:46Z INFO RSAFileKeyManager] Loading RSA key parameters from file /home/nm-devnull/assignment-1-nm-devnull/actions-runner/.credentials_rsaparams
[2025-01-27 02:49:46Z INFO RSAFileKeyManager] Loading RSA key parameters from file /home/nm-devnull/assignment-1-nm-devnull/actions-runner/.credentials_rsaparams
[2025-01-27 02:49:47Z INFO GitHubActionsService] AAD Correlation ID for this token request: Unknown
[2025-01-27 02:49:47Z INFO MessageListener] Session created.
[2025-01-27 02:49:47Z INFO Terminal] WRITE LINE: Current runner version: '2.321.0'
[2025-01-27 02:49:47Z INFO Terminal] WRITE LINE: 2025-01-27 02:49:47Z: Listening for Jobs
[2025-01-27 02:49:47Z INFO JobDispatcher] Set runner/worker IPC timeout to 30 seconds.
[2025-01-27 02:49:47Z INFO RSAFileKeyManager] Loading RSA key parameters from file /home/nm-devnull/assignment-1-nm-devnull/actions-runner/.credentials_rsaparams
[2025-01-27 02:49:47Z INFO GitHubActionsService] AAD Correlation ID for this token request: Unknown
[2025-01-27 02:49:49Z INFO MessageListener] Message '2684821337288382719' received from session 'ea20215b-4f4d-487e-91c4-eb664115fc38'.
[2025-01-27 02:49:49Z INFO ConfigurationStore] HasCredentials()
[2025-01-27 02:49:49Z INFO ConfigurationStore] stored True
[2025-01-27 02:49:49Z INFO CredentialManager] GetCredentialProvider
[2025-01-27 02:49:49Z INFO CredentialManager] Creating type OAuth
[2025-01-27 02:49:49Z INFO CredentialManager] Creating credential type: OAuth
[2025-01-27 02:49:49Z INFO RSAFileKeyManager] Loading RSA key parameters from file /home/nm-devnull/assignment-1-nm-devnull/actions-runner/.credentials_rsaparams
[2025-01-27 02:49:49Z INFO ActionsRunServer] EstablishVssConnection
[2025-01-27 02:49:49Z INFO ActionsRunServer] Establish connection with 100 seconds timeout.
[2025-01-27 02:49:49Z INFO GitHubActionsService] Starting operation Location.GetConnectionData
[2025-01-27 02:49:49Z INFO GitHubActionsService] Finished operation Location.GetConnectionData
[2025-01-27 02:49:49Z INFO RSAFileKeyManager] Loading RSA key parameters from file /home/nm-devnull/assignment-1-nm-devnull/actions-runner/.credentials_rsaparams
[2025-01-27 02:49:49Z INFO RSAFileKeyManager] Loading RSA key parameters from file /home/nm-devnull/assignment-1-nm-devnull/actions-runner/.credentials_rsaparams
[2025-01-27 02:49:49Z INFO GitHubActionsService] AAD Correlation ID for this token request: Unknown
[2025-01-27 02:49:50Z INFO JobDispatcher] Job request 1 for plan 24145802-ca93-4c13-bf40-af6e0fb16c69 job 0e10f8dd-85b5-5bee-19c6-47fc7db6f171 received.
[2025-01-27 02:49:50Z INFO JobDispatcher] Pull OrchestrationId 24145802-ca93-4c13-bf40-af6e0fb16c69.unit-test.__default from JWT claims
[2025-01-27 02:49:50Z INFO MessageListener] Received job status event. JobState: Busy
[2025-01-27 02:49:50Z INFO MessageListener] _getMessagesTokenSource is already disposed.
[2025-01-27 02:49:50Z INFO Terminal] WRITE LINE: 2025-01-27 02:49:50Z: Running job: unit-test
[2025-01-27 02:49:50Z INFO JobDispatcher] Start renew job request 1 for job 0e10f8dd-85b5-5bee-19c6-47fc7db6f171.
[2025-01-27 02:49:50Z INFO JobDispatcher] Successfully renew job request 1, job is valid till 1/27/2025 2:59:50 AM
[2025-01-27 02:49:50Z INFO HostContext] Well known directory 'Bin': '/home/nm-devnull/assignment-1-nm-devnull/actions-runner/bin'
[2025-01-27 02:49:50Z INFO ProcessInvokerWrapper] Starting process:
[2025-01-27 02:49:50Z INFO ProcessInvokerWrapper]   File name: '/home/nm-devnull/assignment-1-nm-devnull/actions-runner/bin/Runner.Worker'
[2025-01-27 02:49:50Z INFO ProcessInvokerWrapper]   Arguments: 'spawnclient 148 151'
[2025-01-27 02:49:50Z INFO ProcessInvokerWrapper]   Working directory: '/home/nm-devnull/assignment-1-nm-devnull/actions-runner/bin'
[2025-01-27 02:49:50Z INFO ProcessInvokerWrapper]   Require exit code zero: 'False'
[2025-01-27 02:49:50Z INFO ProcessInvokerWrapper]   Encoding web name:  ; code page: ''
[2025-01-27 02:49:50Z INFO ProcessInvokerWrapper]   Force kill process on cancellation: 'True'
[2025-01-27 02:49:50Z INFO ProcessInvokerWrapper]   Redirected STDIN: 'False'
[2025-01-27 02:49:50Z INFO ProcessInvokerWrapper]   Persist current code page: 'False'
[2025-01-27 02:49:50Z INFO ProcessInvokerWrapper]   Keep redirected STDIN open: 'False'
[2025-01-27 02:49:50Z INFO ProcessInvokerWrapper]   High priority process: 'True'
[2025-01-27 02:49:50Z INFO ProcessInvokerWrapper] Process started with process id 4556, waiting for process exit.
[2025-01-27 02:49:50Z INFO JobDispatcher] Send job request message to worker for job 0e10f8dd-85b5-5bee-19c6-47fc7db6f171.
[2025-01-27 02:49:50Z INFO ProcessChannel] Sending message of length 39835, with hash 'b85314201c36fd18057f8bee2afbc775d964b7f7ce68e677dc91933eea3be197'
[2025-01-27 02:49:50Z INFO JobNotification] Entering JobStarted Notification
[2025-01-27 02:49:50Z INFO JobNotification] Entering StartMonitor
[2025-01-27 02:50:26Z INFO ProcessInvokerWrapper] STDOUT/STDERR stream read finished.
[2025-01-27 02:50:26Z INFO ProcessInvokerWrapper] STDOUT/STDERR stream read finished.
[2025-01-27 02:50:26Z INFO ProcessInvokerWrapper] Finished process 4556 with exit code 102, and elapsed time 00:00:35.8076444.
[2025-01-27 02:50:26Z INFO JobDispatcher] Worker finished for job 0e10f8dd-85b5-5bee-19c6-47fc7db6f171. Code: 102
[2025-01-27 02:50:26Z INFO JobDispatcher] finish job request for job 0e10f8dd-85b5-5bee-19c6-47fc7db6f171 with result: Failed
[2025-01-27 02:50:26Z INFO Terminal] WRITE LINE: 2025-01-27 02:50:26Z: Job unit-test completed with result: Failed
[2025-01-27 02:50:26Z INFO JobDispatcher] Stop renew job request for job 0e10f8dd-85b5-5bee-19c6-47fc7db6f171.
[2025-01-27 02:50:26Z INFO JobDispatcher] job renew has been cancelled, stop renew job request 1.
[2025-01-27 02:50:26Z INFO JobNotification] Entering JobCompleted Notification
[2025-01-27 02:50:26Z INFO JobNotification] Entering EndMonitor
[2025-01-27 02:50:26Z INFO MessageListener] Received job status event. JobState: Online
[2025-01-27 02:50:26Z INFO MessageListener] Message '2930561337381016775' received from session 'ea20215b-4f4d-487e-91c4-eb664115fc38'.
[2025-01-27 02:50:26Z INFO ConfigurationStore] HasCredentials()
[2025-01-27 02:50:26Z INFO ConfigurationStore] stored True
[2025-01-27 02:50:26Z INFO CredentialManager] GetCredentialProvider
[2025-01-27 02:50:26Z INFO CredentialManager] Creating type OAuth
[2025-01-27 02:50:26Z INFO CredentialManager] Creating credential type: OAuth
[2025-01-27 02:50:26Z INFO RSAFileKeyManager] Loading RSA key parameters from file /home/nm-devnull/assignment-1-nm-devnull/actions-runner/.credentials_rsaparams
[2025-01-27 02:50:26Z INFO ActionsRunServer] EstablishVssConnection
[2025-01-27 02:50:26Z INFO ActionsRunServer] Establish connection with 100 seconds timeout.
[2025-01-27 02:50:26Z INFO GitHubActionsService] Starting operation Location.GetConnectionData
[2025-01-27 02:50:27Z INFO GitHubActionsService] Finished operation Location.GetConnectionData
[2025-01-27 02:50:27Z INFO RSAFileKeyManager] Loading RSA key parameters from file /home/nm-devnull/assignment-1-nm-devnull/actions-runner/.credentials_rsaparams
[2025-01-27 02:50:27Z INFO RSAFileKeyManager] Loading RSA key parameters from file /home/nm-devnull/assignment-1-nm-devnull/actions-runner/.credentials_rsaparams
[2025-01-27 02:50:27Z INFO GitHubActionsService] AAD Correlation ID for this token request: Unknown
[2025-01-27 02:50:27Z INFO JobDispatcher] Job request 2 for plan 24145802-ca93-4c13-bf40-af6e0fb16c69 job a047640a-23da-5e9b-1ef8-917a09b3753a received.
[2025-01-27 02:50:27Z INFO JobDispatcher] Pull OrchestrationId 24145802-ca93-4c13-bf40-af6e0fb16c69.full-test.__default from JWT claims
[2025-01-27 02:50:27Z INFO MessageListener] Received job status event. JobState: Busy
[2025-01-27 02:50:27Z INFO MessageListener] _getMessagesTokenSource is already disposed.
[2025-01-27 02:50:27Z INFO JobDispatcher] Job request 0e10f8dd-85b5-5bee-19c6-47fc7db6f171 processed succeed.
[2025-01-27 02:50:27Z INFO Terminal] WRITE LINE: 2025-01-27 02:50:27Z: Running job: full-test
[2025-01-27 02:50:27Z INFO JobDispatcher] Start renew job request 2 for job a047640a-23da-5e9b-1ef8-917a09b3753a.
[2025-01-27 02:50:27Z INFO JobDispatcher] Successfully renew job request 2, job is valid till 1/27/2025 3:00:27 AM
[2025-01-27 02:50:27Z INFO HostContext] Well known directory 'Bin': '/home/nm-devnull/assignment-1-nm-devnull/actions-runner/bin'
[2025-01-27 02:50:27Z INFO ProcessInvokerWrapper] Starting process:
[2025-01-27 02:50:27Z INFO ProcessInvokerWrapper]   File name: '/home/nm-devnull/assignment-1-nm-devnull/actions-runner/bin/Runner.Worker'
[2025-01-27 02:50:27Z INFO ProcessInvokerWrapper]   Arguments: 'spawnclient 149 152'
[2025-01-27 02:50:27Z INFO ProcessInvokerWrapper]   Working directory: '/home/nm-devnull/assignment-1-nm-devnull/actions-runner/bin'
[2025-01-27 02:50:27Z INFO ProcessInvokerWrapper]   Require exit code zero: 'False'
[2025-01-27 02:50:27Z INFO ProcessInvokerWrapper]   Encoding web name:  ; code page: ''
[2025-01-27 02:50:27Z INFO ProcessInvokerWrapper]   Force kill process on cancellation: 'True'
[2025-01-27 02:50:27Z INFO ProcessInvokerWrapper]   Redirected STDIN: 'False'
[2025-01-27 02:50:27Z INFO ProcessInvokerWrapper]   Persist current code page: 'False'
[2025-01-27 02:50:27Z INFO ProcessInvokerWrapper]   Keep redirected STDIN open: 'False'
[2025-01-27 02:50:27Z INFO ProcessInvokerWrapper]   High priority process: 'True'
[2025-01-27 02:50:27Z INFO ProcessInvokerWrapper] Process started with process id 5502, waiting for process exit.
[2025-01-27 02:50:27Z INFO JobDispatcher] Send job request message to worker for job a047640a-23da-5e9b-1ef8-917a09b3753a.
[2025-01-27 02:50:27Z INFO ProcessChannel] Sending message of length 39837, with hash '28e73c780403935284072c7cbee70e69646e8fb2ee8e358b4e94280ecd517eec'
[2025-01-27 02:50:27Z INFO JobNotification] Entering JobStarted Notification
[2025-01-27 02:50:27Z INFO JobNotification] Entering StartMonitor
[2025-01-27 02:50:37Z INFO ProcessInvokerWrapper] STDOUT/STDERR stream read finished.
[2025-01-27 02:50:37Z INFO ProcessInvokerWrapper] STDOUT/STDERR stream read finished.
[2025-01-27 02:50:37Z INFO ProcessInvokerWrapper] Finished process 5502 with exit code 102, and elapsed time 00:00:09.7087585.
[2025-01-27 02:50:37Z INFO JobDispatcher] Worker finished for job a047640a-23da-5e9b-1ef8-917a09b3753a. Code: 102
[2025-01-27 02:50:37Z INFO JobDispatcher] finish job request for job a047640a-23da-5e9b-1ef8-917a09b3753a with result: Failed
[2025-01-27 02:50:37Z INFO Terminal] WRITE LINE: 2025-01-27 02:50:37Z: Job full-test completed with result: Failed
[2025-01-27 02:50:37Z INFO JobDispatcher] Stop renew job request for job a047640a-23da-5e9b-1ef8-917a09b3753a.
[2025-01-27 02:50:37Z INFO JobDispatcher] job renew has been cancelled, stop renew job request 2.
[2025-01-27 02:50:37Z INFO JobNotification] Entering JobCompleted Notification
[2025-01-27 02:50:37Z INFO JobNotification] Entering EndMonitor
[2025-01-27 02:50:37Z INFO MessageListener] Received job status event. JobState: Online
[2025-01-27 02:51:36Z INFO Terminal] WRITE LINE: Exiting...
[2025-01-27 02:51:36Z INFO ConfigurationStore] IsServiceConfigured()
[2025-01-27 02:51:36Z INFO ConfigurationStore] IsServiceConfigured: False
[2025-01-27 02:51:36Z INFO HostContext] Runner will be shutdown for UserCancelled
[2025-01-27 02:51:36Z WARN GitHubActionsService] GET request to https://broker.actions.githubusercontent.com/message?sessionId=ea20215b-4f4d-487e-91c4-eb664115fc38&status=Online&runnerVersion=2.321.0&os=Linux&architecture=X64&disableUpdate=false has been cancelled.
[2025-01-27 02:51:36Z ERR  BrokerServer] Catch exception during request
[2025-01-27 02:51:36Z ERR  BrokerServer] System.Threading.Tasks.TaskCanceledException: The operation was canceled.
 ---> System.Threading.Tasks.TaskCanceledException: The operation was canceled.
 ---> System.IO.IOException: Unable to read data from the transport connection: Operation canceled.
 ---> System.Net.Sockets.SocketException (125): Operation canceled
   --- End of inner exception stack trace ---
   at System.Net.Sockets.Socket.AwaitableSocketAsyncEventArgs.ThrowException(SocketError error, CancellationToken cancellationToken)
   at System.Net.Sockets.Socket.AwaitableSocketAsyncEventArgs.System.Threading.Tasks.Sources.IValueTaskSource<System.Int32>.GetResult(Int16 token)
   at System.Net.Security.SslStream.EnsureFullTlsFrameAsync[TIOAdapter](CancellationToken cancellationToken, Int32 estimatedSize)
   at System.Runtime.CompilerServices.PoolingAsyncValueTaskMethodBuilder`1.StateMachineBox`1.System.Threading.Tasks.Sources.IValueTaskSource<TResult>.GetResult(Int16 token)
   at System.Net.Security.SslStream.ReadAsyncInternal[TIOAdapter](Memory`1 buffer, CancellationToken cancellationToken)
   at System.Runtime.CompilerServices.PoolingAsyncValueTaskMethodBuilder`1.StateMachineBox`1.System.Threading.Tasks.Sources.IValueTaskSource<TResult>.GetResult(Int16 token)
   at System.Net.Http.HttpConnection.<EnsureReadAheadTaskHasStarted>g__ReadAheadWithZeroByteReadAsync|40_0()
   at System.Net.Http.HttpConnection.SendAsync(HttpRequestMessage request, Boolean async, CancellationToken cancellationToken)
   --- End of inner exception stack trace ---
   at System.Net.Http.HttpConnection.SendAsync(HttpRequestMessage request, Boolean async, CancellationToken cancellationToken)
   at System.Net.Http.AuthenticationHelper.SendWithNtAuthAsync(HttpRequestMessage request, Uri authUri, Boolean async, ICredentials credentials, Boolean isProxyAuth, HttpConnection connection, HttpConnectionPool connectionPool, CancellationToken cancellationToken)
   at System.Net.Http.HttpConnectionPool.SendWithVersionDetectionAndRetryAsync(HttpRequestMessage request, Boolean async, Boolean doRequestAuth, CancellationToken cancellationToken)
   at System.Net.Http.AuthenticationHelper.SendWithAuthAsync(HttpRequestMessage request, Uri authUri, Boolean async, ICredentials credentials, Boolean preAuthenticate, Boolean isProxyAuth, Boolean doRequestAuth, HttpConnectionPool pool, CancellationToken cancellationToken)
   at System.Net.Http.RedirectHandler.SendAsync(HttpRequestMessage request, Boolean async, CancellationToken cancellationToken)
   at GitHub.Services.Common.RawHttpMessageHandler.SendAsync(HttpRequestMessage request, CancellationToken cancellationToken)
   at GitHub.Services.Common.VssHttpRetryMessageHandler.SendAsync(HttpRequestMessage request, CancellationToken cancellationToken)
   at System.Net.Http.HttpClient.<SendAsync>g__Core|83_0(HttpRequestMessage request, HttpCompletionOption completionOption, CancellationTokenSource cts, Boolean disposeCts, CancellationTokenSource pendingRequestsCts, CancellationToken originalCancellationToken)
   --- End of inner exception stack trace ---
   at System.Net.Http.HttpClient.HandleFailure(Exception e, Boolean telemetryStarted, HttpResponseMessage response, CancellationTokenSource cts, CancellationToken cancellationToken, CancellationTokenSource pendingRequestsCts)
   at System.Net.Http.HttpClient.<SendAsync>g__Core|83_0(HttpRequestMessage request, HttpCompletionOption completionOption, CancellationTokenSource cts, Boolean disposeCts, CancellationTokenSource pendingRequestsCts, CancellationToken originalCancellationToken)
   at Sdk.WebApi.WebApi.RawHttpClientBase.SendAsync(HttpRequestMessage message, HttpCompletionOption completionOption, Object userState, CancellationToken cancellationToken)
   at Sdk.WebApi.WebApi.RawHttpClientBase.SendAsync[T](HttpRequestMessage message, Boolean readErrorBody, Object userState, CancellationToken cancellationToken)
   at Sdk.WebApi.WebApi.RawHttpClientBase.SendAsync[T](HttpMethod method, IEnumerable`1 additionalHeaders, Uri requestUri, HttpContent content, IEnumerable`1 queryParameters, Boolean readErrorBody, Object userState, CancellationToken cancellationToken)
   at GitHub.Actions.RunService.WebApi.BrokerHttpClient.GetRunnerMessageAsync(Nullable`1 sessionId, String runnerVersion, Nullable`1 status, String os, String architecture, Nullable`1 disableUpdate, CancellationToken cancellationToken)
   at GitHub.Runner.Common.BrokerServer.<>c__DisplayClass7_0.<<GetRunnerMessageAsync>b__0>d.MoveNext()
--- End of stack trace from previous location ---
   at GitHub.Runner.Common.RunnerService.RetryRequest[T](Func`1 func, CancellationToken cancellationToken, Int32 maxRetryAttemptsCount, Func`2 shouldRetry)
[2025-01-27 02:51:36Z ERR  BrokerServer] #####################################################
[2025-01-27 02:51:36Z ERR  BrokerServer] System.Threading.Tasks.TaskCanceledException: The operation was canceled.
 ---> System.IO.IOException: Unable to read data from the transport connection: Operation canceled.
 ---> System.Net.Sockets.SocketException (125): Operation canceled
   --- End of inner exception stack trace ---
   at System.Net.Sockets.Socket.AwaitableSocketAsyncEventArgs.ThrowException(SocketError error, CancellationToken cancellationToken)
   at System.Net.Sockets.Socket.AwaitableSocketAsyncEventArgs.System.Threading.Tasks.Sources.IValueTaskSource<System.Int32>.GetResult(Int16 token)
   at System.Net.Security.SslStream.EnsureFullTlsFrameAsync[TIOAdapter](CancellationToken cancellationToken, Int32 estimatedSize)
   at System.Runtime.CompilerServices.PoolingAsyncValueTaskMethodBuilder`1.StateMachineBox`1.System.Threading.Tasks.Sources.IValueTaskSource<TResult>.GetResult(Int16 token)
   at System.Net.Security.SslStream.ReadAsyncInternal[TIOAdapter](Memory`1 buffer, CancellationToken cancellationToken)
   at System.Runtime.CompilerServices.PoolingAsyncValueTaskMethodBuilder`1.StateMachineBox`1.System.Threading.Tasks.Sources.IValueTaskSource<TResult>.GetResult(Int16 token)
   at System.Net.Http.HttpConnection.<EnsureReadAheadTaskHasStarted>g__ReadAheadWithZeroByteReadAsync|40_0()
   at System.Net.Http.HttpConnection.SendAsync(HttpRequestMessage request, Boolean async, CancellationToken cancellationToken)
   --- End of inner exception stack trace ---
   at System.Net.Http.HttpConnection.SendAsync(HttpRequestMessage request, Boolean async, CancellationToken cancellationToken)
   at System.Net.Http.AuthenticationHelper.SendWithNtAuthAsync(HttpRequestMessage request, Uri authUri, Boolean async, ICredentials credentials, Boolean isProxyAuth, HttpConnection connection, HttpConnectionPool connectionPool, CancellationToken cancellationToken)
   at System.Net.Http.HttpConnectionPool.SendWithVersionDetectionAndRetryAsync(HttpRequestMessage request, Boolean async, Boolean doRequestAuth, CancellationToken cancellationToken)
   at System.Net.Http.AuthenticationHelper.SendWithAuthAsync(HttpRequestMessage request, Uri authUri, Boolean async, ICredentials credentials, Boolean preAuthenticate, Boolean isProxyAuth, Boolean doRequestAuth, HttpConnectionPool pool, CancellationToken cancellationToken)
   at System.Net.Http.RedirectHandler.SendAsync(HttpRequestMessage request, Boolean async, CancellationToken cancellationToken)
   at GitHub.Services.Common.RawHttpMessageHandler.SendAsync(HttpRequestMessage request, CancellationToken cancellationToken)
   at GitHub.Services.Common.VssHttpRetryMessageHandler.SendAsync(HttpRequestMessage request, CancellationToken cancellationToken)
   at System.Net.Http.HttpClient.<SendAsync>g__Core|83_0(HttpRequestMessage request, HttpCompletionOption completionOption, CancellationTokenSource cts, Boolean disposeCts, CancellationTokenSource pendingRequestsCts, CancellationToken originalCancellationToken)
[2025-01-27 02:51:36Z ERR  BrokerServer] #####################################################
[2025-01-27 02:51:36Z ERR  BrokerServer] System.IO.IOException: Unable to read data from the transport connection: Operation canceled.
 ---> System.Net.Sockets.SocketException (125): Operation canceled
   --- End of inner exception stack trace ---
   at System.Net.Sockets.Socket.AwaitableSocketAsyncEventArgs.ThrowException(SocketError error, CancellationToken cancellationToken)
   at System.Net.Sockets.Socket.AwaitableSocketAsyncEventArgs.System.Threading.Tasks.Sources.IValueTaskSource<System.Int32>.GetResult(Int16 token)
   at System.Net.Security.SslStream.EnsureFullTlsFrameAsync[TIOAdapter](CancellationToken cancellationToken, Int32 estimatedSize)
   at System.Runtime.CompilerServices.PoolingAsyncValueTaskMethodBuilder`1.StateMachineBox`1.System.Threading.Tasks.Sources.IValueTaskSource<TResult>.GetResult(Int16 token)
   at System.Net.Security.SslStream.ReadAsyncInternal[TIOAdapter](Memory`1 buffer, CancellationToken cancellationToken)
   at System.Runtime.CompilerServices.PoolingAsyncValueTaskMethodBuilder`1.StateMachineBox`1.System.Threading.Tasks.Sources.IValueTaskSource<TResult>.GetResult(Int16 token)
   at System.Net.Http.HttpConnection.<EnsureReadAheadTaskHasStarted>g__ReadAheadWithZeroByteReadAsync|40_0()
   at System.Net.Http.HttpConnection.SendAsync(HttpRequestMessage request, Boolean async, CancellationToken cancellationToken)
[2025-01-27 02:51:36Z ERR  BrokerServer] #####################################################
[2025-01-27 02:51:36Z ERR  BrokerServer] System.Net.Sockets.SocketException (125): Operation canceled
[2025-01-27 02:51:36Z WARN BrokerServer] Back off 6.951 seconds before next retry. 4 attempt left.
[2025-01-27 02:51:36Z INFO MessageListener] Get next message has been cancelled.
[2025-01-27 02:51:36Z INFO JobDispatcher] Shutting down JobDispatcher. Make sure all WorkerDispatcher has finished.
[2025-01-27 02:51:36Z INFO JobDispatcher] Ensure WorkerDispatcher for job a047640a-23da-5e9b-1ef8-917a09b3753a run to finish, cancel any running job.
[2025-01-27 02:51:36Z INFO JobDispatcher] Job request a047640a-23da-5e9b-1ef8-917a09b3753a processed succeed.
[2025-01-27 02:51:36Z INFO Runner] Deleting Runner Session...
[2025-01-27 02:51:36Z INFO Listener] Runner execution been cancelled.
